Update date : Thu Oct 10 14:14:35 CEST 2013
 
 Table 'CATALOGUE' found in repository
 . Column 'CA_ID' removed
 . Column 'CA_CODE' removed
 . Column 'CA_NAME' removed
 . Column 'CA_PRICE' removed
 . Column 'CA_STOCK' removed
 . Column 'ID' added
 . Column 'NAME' added
 . Column 'PRIX' added
 . Column 'STOCK' added
 (*) table 'CATALOGUE' updated : 9 change(s)
 
 Table 'COMMAND' found in repository
 . Column 'CO_ID' removed
 . Column 'CO_US_ID' removed
 . Column 'CO_AR_ID' removed
 . Foreign key 'ARTICLE_FC' removed
 . Foreign key 'USER_FC' removed
 . Column 'NUMBER' added
 . Column 'USERID' added
 . Column 'PRODUCTCODE' added
 . Column 'PRODUCTNUMBER' added
 (*) table 'COMMAND' updated : 9 change(s)
 
 Table 'USERS' not found in repository
 (+) table 'USERS' added
 
 Table 'ARTICLE' no longer exists in database
 (-) table 'ARTICLE' removed
 
 Table 'USERINFO' no longer exists in database
 (-) table 'USERINFO' removed
